Log file open, 07/25/18 22:32:18
LogWindows: Failed to load 'aqProf.dll' (GetLastError=126)
LogWindows: File 'aqProf.dll' does not exist
LogWindows: Failed to load 'VtuneApi.dll' (GetLastError=126)
LogWindows: File 'VtuneApi.dll' does not exist
LogWindows: Failed to load 'VtuneApi32e.dll' (GetLastError=126)
LogWindows: File 'VtuneApi32e.dll' does not exist
LogInit: Display: Running engine for game: SteamMP02
LogPlatformFile: Not using cached read wrapper
LogInit: Display: RandInit(1632243923) SRandInit(1632243923).
LogInit: Read version file with build ID '3944462'
LogInit: Overriding engine version to CL 4033788, compatible CL 3944462
LogInit: Registered custom module enumerator with build ID '3944462'
LogTaskGraph: Started task graph with 5 named threads and 35 total threads with 3 sets of task threads.
LogStats: Stats thread started at 0.392898
LogD3D11RHI: Aftermath initialized
LogICUInternationalization: Display: ICU TimeZone Detection - Raw Offset: +12:00, Platform Override: ''
LogModuleManager: Display: Found up-to-date module file ../../../Engine/Plugins/Online/OnlineSubsystemSteam/Binaries/Win64/UE4Editor-OnlineSubsystemSteam.dll (API version 3944462).
LogModuleManager: Display: Found up-to-date module file ../../../Engine/Plugins/Online/OnlineSubsystem/Binaries/Win64/UE4Editor-OnlineSubsystem.dll (API version 3944462).
LogModuleManager: Display: Found up-to-date module file ../../../Engine/Plugins/Online/OnlineSubsystemUtils/Binaries/Win64/UE4Editor-OnlineSubsystemUtils.dll (API version 3944462).
LogModuleManager: Display: Found up-to-date module file ../../../Engine/Plugins/Online/OnlineSubsystemUtils/Binaries/Win64/UE4Editor-OnlineBlueprintSupport.dll (API version 3944462).
LogModuleManager: Display: Found up-to-date module file ../../../Engine/Plugins/2D/Paper2D/Binaries/Win64/UE4Editor-Paper2D.dll (API version 3944462).
LogModuleManager: Display: Found up-to-date module file ../../../Engine/Plugins/2D/Paper2D/Binaries/Win64/UE4Editor-Paper2DEditor.dll (API version 3944462).
LogModuleManager: Display: Found up-to-date module file ../../../Engine/Plugins/2D/Paper2D/Binaries/Win64/UE4Editor-PaperSpriteSheetImporter.dll (API version 3944462).
LogModuleManager: Display: Found up-to-date module file ../../../Engine/Plugins/2D/Paper2D/Binaries/Win64/UE4Editor-PaperTiledImporter.dll (API version 3944462).
LogModuleManager: Display: Found up-to-date module file ../../../Engine/Plugins/2D/Paper2D/Binaries/Win64/UE4Editor-SmartSnapping.dll (API version 3944462).
LogModuleManager: Display: Found up-to-date module file ../../../Engine/Plugins/Blendables/LightPropagationVolume/Binaries/Win64/UE4Editor-LightPropagationVolumeRuntime.dll (API version 3944462).
LogModuleManager: Display: Found up-to-date module file ../../../Engine/Plugins/Blendables/LightPropagationVolume/Binaries/Win64/UE4Editor-LightPropagationVolumeEditor.dll (API version 3944462).
LogModuleManager: Display: Found up-to-date module file ../../../Engine/Plugins/Developer/CLionSourceCodeAccess/Binaries/Win64/UE4Editor-CLionSourceCodeAccess.dll (API version 3944462).
LogModuleManager: Display: Found up-to-date module file ../../../Engine/Plugins/Developer/GitSourceControl/Binaries/Win64/UE4Editor-GitSourceControl.dll (API version 3944462).
LogModuleManager: Display: Found up-to-date module file ../../../Engine/Plugins/Developer/PerforceSourceControl/Binaries/Win64/UE4Editor-PerforceSourceControl.dll (API version 3944462).
LogModuleManager: Display: Found up-to-date module file ../../../Engine/Plugins/Developer/SubversionSourceControl/Binaries/Win64/UE4Editor-SubversionSourceControl.dll (API version 3944462).
LogModuleManager: Display: Found up-to-date module file ../../../Engine/Plugins/Developer/UObjectPlugin/Binaries/Win64/UE4Editor-UObjectPlugin.dll (API version 3944462).
LogModuleManager: Display: Found up-to-date module file ../../../Engine/Plugins/Developer/VisualStudioCodeSourceCodeAccess/Binaries/Win64/UE4Editor-VisualStudioCodeSourceCodeAccess.dll (API version 3944462).
LogModuleManager: Display: Found up-to-date module file ../../../Engine/Plugins/Developer/VisualStudioSourceCodeAccess/Binaries/Win64/UE4Editor-VisualStudioSourceCodeAccess.dll (API version 3944462).
LogModuleManager: Display: Found up-to-date module file ../../../Engine/Plugins/Editor/AssetManagerEditor/Binaries/Win64/UE4Editor-AssetManagerEditor.dll (API version 3944462).
LogModuleManager: Display: Found up-to-date module file ../../../Engine/Plugins/Editor/CryptoKeys/Binaries/Win64/UE4Editor-CryptoKeys.dll (API version 3944462).
LogModuleManager: Display: Found up-to-date module file ../../../Engine/Plugins/Editor/CryptoKeys/Binaries/Win64/UE4Editor-CryptoKeysOpenSSL.dll (API version 3944462).
LogModuleManager: Display: Found up-to-date module file ../../../Engine/Plugins/Editor/DataValidation/Binaries/Win64/UE4Editor-DataValidation.dll (API version 3944462).
LogModuleManager: Display: Found up-to-date module file ../../../Engine/Plugins/Editor/FacialAnimation/Binaries/Win64/UE4Editor-FacialAnimation.dll (API version 3944462).
LogModuleManager: Display: Found up-to-date module file ../../../Engine/Plugins/Editor/FacialAnimation/Binaries/Win64/UE4Editor-FacialAnimationEditor.dll (API version 3944462).
LogModuleManager: Display: Found up-to-date module file ../../../Engine/Plugins/Editor/GameplayTagsEditor/Binaries/Win64/UE4Editor-GameplayTagsEditor.dll (API version 3944462).
LogModuleManager: Display: Found up-to-date module file ../../../Engine/Plugins/Editor/MobileLauncherProfileWizard/Binaries/Win64/UE4Editor-MobileLauncherProfileWizard.dll (API version 3944462).
LogModuleManager: Display: Found up-to-date module file ../../../Engine/Plugins/Editor/PluginBrowser/Binaries/Win64/UE4Editor-PluginBrowser.dll (API version 3944462).
LogModuleManager: Display: Found up-to-date module file ../../../Engine/Plugins/Editor/SpeedTreeImporter/Binaries/Win64/UE4Editor-SpeedTreeImporter.dll (API version 3944462).
LogModuleManager: Display: Found up-to-date module file ../../../Engine/Plugins/Enterprise/DatasmithContent/Binaries/Win64/UE4Editor-DatasmithContent.dll (API version 3944462).
LogModuleManager: Display: Found up-to-date module file ../../../Engine/Plugins/Experimental/AlembicImporter/Binaries/Win64/UE4Editor-AlembicImporter.dll (API version 3944462).
LogModuleManager: Display: Found up-to-date module file ../../../Engine/Plugins/Experimental/AlembicImporter/Binaries/Win64/UE4Editor-AlembicLibrary.dll (API version 3944462).
LogModuleManager: Display: Found up-to-date module file ../../../Engine/Plugins/Experimental/CharacterAI/Binaries/Win64/UE4Editor-CharacterAI.dll (API version 3944462).
LogModuleManager: Display: Found up-to-date module file ../../../Engine/Plugins/Experimental/HTML5Networking/Binaries/Win64/UE4Editor-HTML5Networking.dll (API version 3944462).
LogModuleManager: Display: Found up-to-date module file ../../../Engine/Plugins/Media/AndroidMedia/Binaries/Win64/UE4Editor-AndroidMediaEditor.dll (API version 3944462).
LogModuleManager: Display: Found up-to-date module file ../../../Engine/Plugins/Media/AndroidMedia/Binaries/Win64/UE4Editor-AndroidMediaFactory.dll (API version 3944462).
LogModuleManager: Display: Found up-to-date module file ../../../Engine/Plugins/Media/AvfMedia/Binaries/Win64/UE4Editor-AvfMediaEditor.dll (API version 3944462).
LogModuleManager: Display: Found up-to-date module file ../../../Engine/Plugins/Media/AvfMedia/Binaries/Win64/UE4Editor-AvfMediaFactory.dll (API version 3944462).
LogModuleManager: Display: Found up-to-date module file ../../../Engine/Plugins/Media/AvfMedia/Binaries/Win64/UE4Editor-AvfMediaFactory.dll (API version 3944462).
LogModuleManager: Display: Found up-to-date module file ../../../Engine/Plugins/Media/ImgMedia/Binaries/Win64/UE4Editor-ImgMedia.dll (API version 3944462).
LogModuleManager: Display: Found up-to-date module file ../../../Engine/Plugins/Media/ImgMedia/Binaries/Win64/UE4Editor-ImgMediaEditor.dll (API version 3944462).
LogModuleManager: Display: Found up-to-date module file ../../../Engine/Plugins/Media/ImgMedia/Binaries/Win64/UE4Editor-ImgMediaFactory.dll (API version 3944462).
LogModuleManager: Display: Found up-to-date module file ../../../Engine/Plugins/Media/ImgMedia/Binaries/Win64/UE4Editor-ImgMediaFactory.dll (API version 3944462).
LogModuleManager: Display: Found up-to-date module file ../../../Engine/Plugins/Media/ImgMedia/Binaries/Win64/UE4Editor-OpenExrWrapper.dll (API version 3944462).
LogModuleManager: Display: Found up-to-date module file ../../../Engine/Plugins/Media/LinearTimecode/Binaries/Win64/UE4Editor-LinearTimecode.dll (API version 3944462).
LogModuleManager: Display: Found up-to-date module file ../../../Engine/Plugins/Media/MediaCompositing/Binaries/Win64/UE4Editor-MediaCompositing.dll (API version 3944462).
LogModuleManager: Display: Found up-to-date module file ../../../Engine/Plugins/Media/MediaCompositing/Binaries/Win64/UE4Editor-MediaCompositingEditor.dll (API version 3944462).
LogModuleManager: Display: Found up-to-date module file ../../../Engine/Plugins/Media/MediaPlayerEditor/Binaries/Win64/UE4Editor-MediaPlayerEditor.dll (API version 3944462).
LogModuleManager: Display: Found up-to-date module file ../../../Engine/Plugins/Media/WmfMedia/Binaries/Win64/UE4Editor-WmfMedia.dll (API version 3944462).
LogModuleManager: Display: Found up-to-date module file ../../../Engine/Plugins/Media/WmfMedia/Binaries/Win64/UE4Editor-WmfMediaEditor.dll (API version 3944462).
LogModuleManager: Display: Found up-to-date module file ../../../Engine/Plugins/Media/WmfMedia/Binaries/Win64/UE4Editor-WmfMediaFactory.dll (API version 3944462).
LogModuleManager: Display: Found up-to-date module file ../../../Engine/Plugins/Media/WmfMedia/Binaries/Win64/UE4Editor-WmfMediaFactory.dll (API version 3944462).
LogModuleManager: Display: Found up-to-date module file ../../../Engine/Plugins/Messaging/TcpMessaging/Binaries/Win64/UE4Editor-TcpMessaging.dll (API version 3944462).
LogModuleManager: Display: Found up-to-date module file ../../../Engine/Plugins/Messaging/UdpMessaging/Binaries/Win64/UE4Editor-UdpMessaging.dll (API version 3944462).
LogModuleManager: Display: Found up-to-date module file ../../../Engine/Plugins/MovieScene/ActorSequence/Binaries/Win64/UE4Editor-ActorSequence.dll (API version 3944462).
LogModuleManager: Display: Found up-to-date module file ../../../Engine/Plugins/MovieScene/LevelSequenceEditor/Binaries/Win64/UE4Editor-LevelSequenceEditor.dll (API version 3944462).
LogModuleManager: Display: Found up-to-date module file ../../../Engine/Plugins/MovieScene/MatineeToLevelSequence/Binaries/Win64/UE4Editor-MatineeToLevelSequence.dll (API version 3944462).
LogModuleManager: Display: Found up-to-date module file ../../../Engine/Plugins/NetcodeUnitTest/NetcodeUnitTest/Binaries/Win64/UE4Editor-NetcodeUnitTest.dll (API version 3944462).
LogModuleManager: Display: Found up-to-date module file ../../../Engine/Plugins/NetcodeUnitTest/NUTUnrealEngine4/Binaries/Win64/UE4Editor-NUTUnrealEngine4.dll (API version 3944462).
LogModuleManager: Display: Found up-to-date module file ../../../Engine/Plugins/Runtime/AndroidPermission/Binaries/Win64/UE4Editor-AndroidPermission.dll (API version 3944462).
LogModuleManager: Display: Found up-to-date module file ../../../Engine/Plugins/Online/OnlineSubsystemNull/Binaries/Win64/UE4Editor-OnlineSubsystemNull.dll (API version 3944462).
LogModuleManager: Display: Found up-to-date module file ../../../Engine/Plugins/Runtime/AndroidDeviceProfileSelector/Binaries/Win64/UE4Editor-AndroidDeviceProfileSelector.dll (API version 3944462).
LogModuleManager: Display: Found up-to-date module file ../../../Engine/Plugins/Runtime/AppleARKit/Binaries/Win64/UE4Editor-AppleARKit.dll (API version 3944462).
LogModuleManager: Display: Found up-to-date module file ../../../Engine/Plugins/Runtime/ProceduralMeshComponent/Binaries/Win64/UE4Editor-ProceduralMeshComponent.dll (API version 3944462).
LogModuleManager: Display: Found up-to-date module file ../../../Engine/Plugins/Runtime/ProceduralMeshComponent/Binaries/Win64/UE4Editor-ProceduralMeshComponentEditor.dll (API version 3944462).
LogModuleManager: Display: Found up-to-date module file ../../../Engine/Plugins/Animation/LiveLink/Binaries/Win64/UE4Editor-LiveLink.dll (API version 3944462).
LogModuleManager: Display: Found up-to-date module file ../../../Engine/Plugins/Animation/LiveLink/Binaries/Win64/UE4Editor-LiveLinkEditor.dll (API version 3944462).
LogModuleManager: Display: Found up-to-date module file ../../../Engine/Plugins/Runtime/ArchVisCharacter/Binaries/Win64/UE4Editor-ArchVisCharacter.dll (API version 3944462).
LogModuleManager: Display: Found up-to-date module file ../../../Engine/Plugins/Runtime/AudioCapture/Binaries/Win64/UE4Editor-AudioCapture.dll (API version 3944462).
LogModuleManager: Display: Found up-to-date module file ../../../Engine/Plugins/Runtime/AudioCapture/Binaries/Win64/UE4Editor-AudioCaptureEditor.dll (API version 3944462).
LogModuleManager: Display: Found up-to-date module file ../../../Engine/Plugins/Runtime/CableComponent/Binaries/Win64/UE4Editor-CableComponent.dll (API version 3944462).
LogModuleManager: Display: Found up-to-date module file ../../../Engine/Plugins/Runtime/CustomMeshComponent/Binaries/Win64/UE4Editor-CustomMeshComponent.dll (API version 3944462).
LogModuleManager: Display: Found up-to-date module file ../../../Engine/Plugins/Runtime/ExampleDeviceProfileSelector/Binaries/Win64/UE4Editor-ExampleDeviceProfileSelector.dll (API version 3944462).
LogModuleManager: Display: Found up-to-date module file ../../../Engine/Plugins/Runtime/ImmediatePhysics/Binaries/Win64/UE4Editor-ImmediatePhysics.dll (API version 3944462).
LogModuleManager: Display: Found up-to-date module file ../../../Engine/Plugins/Runtime/ImmediatePhysics/Binaries/Win64/UE4Editor-ImmediatePhysicsEditor.dll (API version 3944462).
LogModuleManager: Display: Found up-to-date module file ../../../Engine/Plugins/Runtime/LocationServicesBPLibrary/Binaries/Win64/UE4Editor-LocationServicesBPLibrary.dll (API version 3944462).
LogModuleManager: Display: Found up-to-date module file ../../../Engine/Plugins/Runtime/MobilePatchingUtils/Binaries/Win64/UE4Editor-MobilePatchingUtils.dll (API version 3944462).
LogModuleManager: Display: Found up-to-date module file ../../../Engine/Plugins/Runtime/Oculus/OculusVR/Binaries/Win64/UE4Editor-OculusHMD.dll (API version 3944462).
LogModuleManager: Display: Found up-to-date module file ../../../Engine/Plugins/Runtime/Oculus/OculusVR/Binaries/Win64/UE4Editor-OculusInput.dll (API version 3944462).
LogModuleManager: Display: Found up-to-date module file ../../../Engine/Plugins/Runtime/Oculus/OculusVR/Binaries/Win64/UE4Editor-OculusEditor.dll (API version 3944462).
LogModuleManager: Display: Found up-to-date module file ../../../Engine/Plugins/Runtime/PhysXVehicles/Binaries/Win64/UE4Editor-PhysXVehicles.dll (API version 3944462).
LogModuleManager: Display: Found up-to-date module file ../../../Engine/Plugins/Runtime/PhysXVehicles/Binaries/Win64/UE4Editor-PhysXVehiclesEditor.dll (API version 3944462).
LogModuleManager: Display: Found up-to-date module file ../../../Engine/Plugins/Runtime/RuntimePhysXCooking/Binaries/Win64/UE4Editor-RuntimePhysXCooking.dll (API version 3944462).
LogModuleManager: Display: Found up-to-date module file ../../../Engine/Plugins/Runtime/Steam/SteamVR/Binaries/Win64/UE4Editor-SteamVR.dll (API version 3944462).
LogModuleManager: Display: Found up-to-date module file ../../../Engine/Plugins/Runtime/Steam/SteamVR/Binaries/Win64/UE4Editor-SteamVRController.dll (API version 3944462).
LogModuleManager: Display: Found up-to-date module file ../../../Engine/Plugins/Runtime/WindowsMoviePlayer/Binaries/Win64/UE4Editor-WindowsMoviePlayer.dll (API version 3944462).
LogPluginManager: Mounting plugin Paper2D
LogPluginManager: Mounting plugin LiveLink
LogPluginManager: Mounting plugin LightPropagationVolume
LogPluginManager: Mounting plugin CLionSourceCodeAccess
LogPluginManager: Mounting plugin CodeLiteSourceCodeAccess
LogPluginManager: Mounting plugin GitSourceControl
LogPluginManager: Mounting plugin KDevelopSourceCodeAccess
LogPluginManager: Mounting plugin NullSourceCodeAccess
LogPluginManager: Mounting plugin PerforceSourceControl
LogPluginManager: Mounting plugin SubversionSourceControl
LogPluginManager: Mounting plugin UObjectPlugin
LogPluginManager: Mounting plugin VisualStudioCodeSourceCodeAccess
LogPluginManager: Mounting plugin VisualStudioSourceCodeAccess
LogPluginManager: Mounting plugin XCodeSourceCodeAccess
LogPluginManager: Mounting plugin AssetManagerEditor
LogPluginManager: Mounting plugin CryptoKeys
LogPluginManager: Mounting plugin DataValidation
LogPluginManager: Mounting plugin FacialAnimation
LogPluginManager: Mounting plugin GameplayTagsEditor
LogPluginManager: Mounting plugin MobileLauncherProfileWizard
LogPluginManager: Mounting plugin PluginBrowser
LogPluginManager: Mounting plugin SpeedTreeImporter
LogPluginManager: Mounting plugin DatasmithContent
LogPluginManager: Mounting plugin AlembicImporter
LogPluginManager: Mounting plugin CharacterAI
LogPluginManager: Mounting plugin HTML5Networking
LogPluginManager: Mounting plugin AndroidMedia
LogPluginManager: Mounting plugin AvfMedia
LogPluginManager: Mounting plugin ImgMedia
LogPluginManager: Mounting plugin LinearTimecode
LogPluginManager: Mounting plugin MediaCompositing
LogPluginManager: Mounting plugin MediaPlayerEditor
LogPluginManager: Mounting plugin WmfMedia
LogPluginManager: Mounting plugin TcpMessaging
LogPluginManager: Mounting plugin UdpMessaging
LogPluginManager: Mounting plugin ActorSequence
LogPluginManager: Mounting plugin LevelSequenceEditor
LogPluginManager: Mounting plugin MatineeToLevelSequence
LogPluginManager: Mounting plugin NetcodeUnitTest
LogPluginManager: Mounting plugin NUTUnrealEngine4
LogPluginManager: Mounting plugin OnlineSubsystemGooglePlay
LogPluginManager: Mounting plugin OnlineSubsystemIOS
LogPluginManager: Mounting plugin OnlineSubsystem
LogPluginManager: Mounting plugin OnlineSubsystemNull
LogPluginManager: Mounting plugin OnlineSubsystemSteam
LogPluginManager: Mounting plugin OnlineSubsystemUtils
LogPluginManager: Mounting plugin AndroidDeviceProfileSelector
LogPluginManager: Mounting plugin AndroidMoviePlayer
LogPluginManager: Mounting plugin AndroidPermission
LogPluginManager: Mounting plugin AppleARKit
LogPluginManager: Mounting plugin AppleMoviePlayer
LogPluginManager: Mounting plugin ArchVisCharacter
LogPluginManager: Mounting plugin AudioCapture
LogPluginManager: Mounting plugin CableComponent
LogPluginManager: Mounting plugin CustomMeshComponent
LogPluginManager: Mounting plugin ExampleDeviceProfileSelector
LogPluginManager: Mounting plugin GoogleCloudMessaging
LogPluginManager: Mounting plugin ImmediatePhysics
LogPluginManager: Mounting plugin IOSDeviceProfileSelector
LogPluginManager: Mounting plugin LinuxDeviceProfileSelector
LogPluginManager: Mounting plugin LocationServicesBPLibrary
LogPluginManager: Mounting plugin MobilePatchingUtils
LogPluginManager: Mounting plugin OculusVR
LogPluginManager: Plugin shader directory ../../../Engine/Plugins/Runtime/Oculus/OculusVR/Shaders found
LogPluginManager: Mapping shader source directory ../../../Engine/Plugins/Runtime/Oculus/OculusVR/Shaders to virtual directory /Plugin/OculusVR
LogPluginManager: Mounting plugin PhysXVehicles
LogPluginManager: Mounting plugin ProceduralMeshComponent
LogPluginManager: Mounting plugin RuntimePhysXCooking
LogPluginManager: Mounting plugin SteamVR
LogPluginManager: Mounting plugin WindowsMoviePlayer
LogStreaming: Display: Took  1.027s to configure plugins.
LogInit: Using libcurl 7.47.1
LogInit:  - built for x86_64-pc-win32
LogInit:  - supports SSL with OpenSSL/1.0.2g
LogInit:  - supports HTTP deflate (compression) using libz 1.2.8
LogInit:  - other features:
LogInit:      CURL_VERSION_SSL
LogInit:      CURL_VERSION_LIBZ
LogInit:      CURL_VERSION_IPV6
LogInit:      CURL_VERSION_ASYNCHDNS
LogInit:      CURL_VERSION_LARGEFILE
LogInit:      CURL_VERSION_IDN
LogInit:  CurlRequestOptions (configurable via config and command line):
LogInit:  - bVerifyPeer = false  - Libcurl will NOT verify peer certificate
LogInit:  - bUseHttpProxy = false  - Libcurl will NOT use HTTP proxy
LogInit:  - bDontReuseConnections = false  - Libcurl will reuse connections
LogInit:  - CertBundlePath = nullptr  - Libcurl will use whatever was configured at build time.
LogInit:  - MaxHostConnections = 16  - Libcurl will limit the number of connections to a host
LogInit:  - LocalHostAddr = Default
LogOnline: Display: STEAM: Loading Steam SDK 1.39
LogInit: WinSock: version 1.1 (2.2), MaxSocks=32767, MaxUdp=65467
LogAppleARKit: Warning: Failed to bind to the listen port (76561198848975688:11111) for LiveLink face AR receiving with error (SE_NO_ERROR)
LogInit: Build: ++UE4+Release-4.19-CL-4033788
LogInit: Engine Version: 4.19.2-4033788+++UE4+Release-4.19
LogInit: Compatible Engine Version: 4.19.0-3944462+++UE4+Release-4.19
LogInit: Net CL: 3944462
LogDevObjectVersion: Number of dev versions registered: 18
LogDevObjectVersion:   Dev-Blueprints (B0D832E4-1F89-4F0D-ACCF-7EB736FD4AA2): 10
LogDevObjectVersion:   Dev-Build (E1C64328-A22C-4D53-A36C-8E866417BD8C): 0
LogDevObjectVersion:   Dev-Core (375EC13C-06E4-48FB-B500-84F0262A717E): 2
LogDevObjectVersion:   Dev-Editor (E4B068ED-F494-42E9-A231-DA0B2E46BB41): 23
LogDevObjectVersion:   Dev-Framework (CFFC743F-43B0-4480-9391-14DF171D2073): 33
LogDevObjectVersion:   Dev-Mobile (B02B49B5-BB20-44E9-A304-32B752E40360): 2
LogDevObjectVersion:   Dev-Networking (A4E4105C-59A1-49B5-A7C5-40C4547EDFEE): 0
LogDevObjectVersion:   Dev-Online (39C831C9-5AE6-47DC-9A44-9C173E1C8E7C): 0
LogDevObjectVersion:   Dev-Physics (78F01B33-EBEA-4F98-B9B4-84EACCB95AA2): 0
LogDevObjectVersion:   Dev-Platform (6631380F-2D4D-43E0-8009-CF276956A95A): 0
LogDevObjectVersion:   Dev-Rendering (12F88B9F-8875-4AFC-A67C-D90C383ABD29): 25
LogDevObjectVersion:   Dev-Sequencer (7B5AE74C-D270-4C10-A958-57980B212A5A): 6
LogDevObjectVersion:   Dev-VR (D7296918-1DD6-4BDD-9DE2-64A83CC13884): 1
LogDevObjectVersion:   Dev-LoadTimes (C2A15278-BFE7-4AFE-6C17-90FF531DF755): 1
LogDevObjectVersion:   Private-Geometry (6EACA3D4-40EC-4CC1-B786-8BED09428FC5): 2
LogDevObjectVersion:   Dev-AnimPhys (29E575DD-E0A3-4627-9D10-D276232CDCEA): 16
LogDevObjectVersion:   Dev-ReflectionCapture (6B266CEC-1EC7-4B8F-A30B-E4D90942FC07): 1
LogDevObjectVersion:   Dev-Automation (0DF73D61-A23F-47EA-B727-89E90C41499A): 1
LogInit: Compiled (64-bit): Apr 27 2018 02:06:57
LogInit: Compiled with Visual C++: 19.00.24215.01
LogInit: Build Configuration: Development
LogInit: Branch Name: ++UE4+Release-4.19
LogInit: Command Line:  /Game/ThirdPersonBP/Maps/MainMenu -game -PIEVIACONSOLE -ResX=1280 -ResY=720  -Multiprocess -messaging -SessionName="Play in Standalone Game" -windowed 
LogInit: Base Directory: C:/Program Files/Epic Games/UE_4.19/Engine/Binaries/Win64/
LogInit: Installed Engine Build: 1
LogStreaming: Display: Took  0.001s to delete old logs.
LogInit: Presizing for max 8388607 objects, including 0 objects not considered by GC, pre-allocating 0 bytes for permanent pool.
LogInit: Object subsystem initialized
[2018.07.25-10.32.19:695][  0]LogInit: Selected Device Profile: [Windows]
[2018.07.25-10.32.19:695][  0]LogInit: Applying CVar settings loaded from the selected device profile: [Windows]
[2018.07.25-10.32.19:698][  0]LogInit: Computer: DESKTOP-58HTJJI
[2018.07.25-10.32.19:698][  0]LogInit: User: OEM
[2018.07.25-10.32.19:698][  0]LogInit: CPU Page size=4096, Cores=6
[2018.07.25-10.32.19:698][  0]LogInit: High frequency timer resolution =3.117191 MHz
[2018.07.25-10.32.19:698][  0]LogMemory: Memory total: Physical=15.9GB (16GB approx)
[2018.07.25-10.32.19:698][  0]LogMemory: Platform Memory Stats for Windows
[2018.07.25-10.32.19:698][  0]LogMemory: Process Physical Memory: 302.27 MB used, 302.27 MB peak
[2018.07.25-10.32.19:698][  0]LogMemory: Process Virtual Memory: 280.48 MB used, 280.48 MB peak
[2018.07.25-10.32.19:698][  0]LogMemory: Physical Memory: 5808.34 MB used,  10498.22 MB free, 16306.56 MB total
[2018.07.25-10.32.19:698][  0]LogMemory: Virtual Memory: 4908.95 MB used,  10498.22 MB free, 134217728.00 MB total
[2018.07.25-10.32.19:726][  0]LogInit: Using OS detected language (en-US).
[2018.07.25-10.32.19:726][  0]LogInit: Using OS detected locale (en-NZ).
[2018.07.25-10.32.19:726][  0]LogTextLocalizationManager: No localization for 'en-US' exists, so 'en' will be used for the language.
[2018.07.25-10.32.19:726][  0]LogTextLocalizationManager: No localization for 'en-NZ' exists, so 'en' will be used for the locale.
[2018.07.25-10.32.20:046][  0]LogStreaming: Display: Took  0.320s to EndInitTextLocalization.
[2018.07.25-10.32.20:137][  0]LogSlate: New Slate User Created.  User Index 0, Is Virtual User: 0
[2018.07.25-10.32.20:137][  0]LogSlate: Slate User Registered.  User Index 0, Is Virtual User: 0
[2018.07.25-10.32.20:205][  0]LogD3D11RHI: D3D11 adapters:
[2018.07.25-10.32.20:249][  0]LogD3D11RHI:    0. 'Radeon RX 580 Series' (Feature Level 11_0)
[2018.07.25-10.32.20:249][  0]LogD3D11RHI:       8137/0/8153 MB DedicatedVideo/DedicatedSystem/SharedSystem, Outputs:3, VendorId:0x1002
[2018.07.25-10.32.20:253][  0]LogD3D11RHI:    1. 'Microsoft Basic Render Driver' (Feature Level 11_0)
[2018.07.25-10.32.20:253][  0]LogD3D11RHI:       0/0/8153 MB DedicatedVideo/DedicatedSystem/SharedSystem, Outputs:0, VendorId:0x1414
[2018.07.25-10.32.20:253][  0]LogD3D11RHI: Chosen D3D11 Adapter: 0
[2018.07.25-10.32.20:260][  0]LogD3D11RHI: Creating new Direct3DDevice
[2018.07.25-10.32.20:261][  0]LogD3D11RHI:     GPU DeviceId: 0x67df (for the marketing name, search the web for "GPU Device Id")
[2018.07.25-10.32.20:261][  0]LogWindows: EnumDisplayDevices:
[2018.07.25-10.32.20:261][  0]LogWindows:    0. 'Radeon RX 580 Series' (P:1 D:1)
[2018.07.25-10.32.20:261][  0]LogWindows:    1. 'Radeon RX 580 Series' (P:0 D:1)
[2018.07.25-10.32.20:261][  0]LogWindows:    2. 'Radeon RX 580 Series' (P:0 D:1)
[2018.07.25-10.32.20:261][  0]LogWindows:    3. 'Radeon RX 580 Series' (P:0 D:0)
[2018.07.25-10.32.20:261][  0]LogWindows:    4. 'Radeon RX 580 Series' (P:0 D:0)
[2018.07.25-10.32.20:262][  0]LogWindows:    5. 'Radeon RX 580 Series' (P:0 D:0)
[2018.07.25-10.32.20:262][  0]LogWindows:    6. 'Radeon RX 580 Series' (P:0 D:0)
[2018.07.25-10.32.20:262][  0]LogWindows:    7. 'Radeon RX 580 Series' (P:0 D:0)
[2018.07.25-10.32.20:262][  0]LogWindows:    8. 'Radeon RX 580 Series' (P:0 D:0)
[2018.07.25-10.32.20:262][  0]LogWindows:    9. 'Radeon RX 580 Series' (P:0 D:0)
[2018.07.25-10.32.20:262][  0]LogWindows:    10. 'Radeon RX 580 Series' (P:0 D:0)
[2018.07.25-10.32.20:263][  0]LogWindows:    11. 'Radeon RX 580 Series' (P:0 D:0)
[2018.07.25-10.32.20:263][  0]LogWindows:    12. 'Radeon RX 580 Series' (P:0 D:0)
[2018.07.25-10.32.20:263][  0]LogWindows:    13. 'Radeon RX 580 Series' (P:0 D:0)
[2018.07.25-10.32.20:263][  0]LogWindows:    14. 'Radeon RX 580 Series' (P:0 D:0)
[2018.07.25-10.32.20:263][  0]LogWindows:    15. 'Radeon RX 580 Series' (P:0 D:0)
[2018.07.25-10.32.20:263][  0]LogWindows: DebugString: GetVideoDriverDetailsInvalid PrimaryIsNotTheChoosenAdapter GetVideoDriverDetailsInvalid PrimaryIsNotTheChoosenAdapter GetVideoDriverDetailsInvalid PrimaryIsNotTheChoosenAdapter GetVideoDriverDetailsInvalid PrimaryIsNotTheChoosenAdapter GetVideoDriverDetailsInvalid PrimaryIsNotTheChoosenAdapter GetVideoDriverDetailsInvalid PrimaryIsNotTheChoosenAdapter GetVideoDriverDetailsInvalid PrimaryIsNotTheChoosenAdapter GetVideoDriverDetailsInvalid PrimaryIsNotTheChoosenAdapter GetVideoDriverDetailsInvalid PrimaryIsNotTheChoosenAdapter GetVideoDriverDetailsInvalid PrimaryIsNotTheChoosenAdapter GetVideoDriverDetailsInvalid PrimaryIsNotTheChoosenAdapter GetVideoDriverDetailsInvalid PrimaryIsNotTheChoosenAdapter GetVideoDriverDetailsInvalid PrimaryIsNotTheChoosenAdapter GetVideoDriverDetailsInvalid PrimaryIsNotTheChoosenAdapter GetVideoDriverDetailsInvalid PrimaryIsNotTheChoosenAdapter GetVideoDriverDetailsInvalid PrimaryIsNotTheChoosenAdapter FoundDriverCount:0 
[2018.07.25-10.32.20:263][  0]LogD3D11RHI:     Adapter Name: Radeon RX 580 Series
[2018.07.25-10.32.20:263][  0]LogD3D11RHI:   Driver Version: Unknown (internal:Unknown, unified:Unknown)
[2018.07.25-10.32.20:263][  0]LogD3D11RHI:      Driver Date: Unknown
[2018.07.25-10.32.20:263][  0]LogRHI: Texture pool is 5695 MB (70% of 8137 MB)
[2018.07.25-10.32.21:293][  0]LogD3D11RHI: Async texture creation enabled
[2018.07.25-10.32.21:304][  0]LogD3D11RHI: GPU Timing Frequency: 25.000000 (Debug: 2 1)
[2018.07.25-10.32.21:306][  0]LogShaderCompilers: Guid format shader working directory is 15 characters bigger than the processId version (D:/Unreal Projects/SteamMP02/Intermediate/Shaders/WorkingDirectory/13724/).
[2018.07.25-10.32.21:306][  0]LogShaderCompilers: Cleaned the shader compiler working directory 'C:/Users/OEM/AppData/Local/Temp/UnrealShaderWorkingDir/41878434458F4AC496F3ECB9CE38D970/'.
[2018.07.25-10.32.21:541][  0]LogTemp: Display: Loaded TP WindowsClientTargetPlatform
[2018.07.25-10.32.21:552][  0]LogTemp: Display: Loaded TP WindowsNoEditorTargetPlatform
[2018.07.25-10.32.21:563][  0]LogTemp: Display: Loaded TP WindowsServerTargetPlatform
[2018.07.25-10.32.21:570][  0]LogTemp: Display: Loaded TP WindowsTargetPlatform
[2018.07.25-10.32.21:570][  0]LogTargetPlatformManager: Display: Building Assets For Windows
[2018.07.25-10.32.21:705][  0]LogXGEController: Cannot use XGE Controller as Incredibuild is not installed on this machine.
[2018.07.25-10.32.21:705][  0]LogShaderCompilers: Cannot use XGE Shader Compiler as Incredibuild is not installed on this machine.
[2018.07.25-10.32.21:705][  0]LogShaderCompilers: Display: Using Local Shader Compiler.
[2018.07.25-10.32.22:214][  0]LogDerivedDataCache: Display: Max Cache Size: 512 MB
[2018.07.25-10.32.22:263][  0]LogDerivedDataCache: Loaded boot cache 0.05s 74MB C:/Users/OEM/AppData/Local/UnrealEngine/4.19/DerivedDataCache/Boot.ddc.
[2018.07.25-10.32.22:263][  0]LogDerivedDataCache: Display: Loaded Boot cache: C:/Users/OEM/AppData/Local/UnrealEngine/4.19/DerivedDataCache/Boot.ddc
[2018.07.25-10.32.22:263][  0]LogDerivedDataCache: FDerivedDataBackendGraph:  Pak pak cache file D:/Unreal Projects/SteamMP02/DerivedDataCache/DDC.ddp not found, will not use a pak cache.
[2018.07.25-10.32.22:263][  0]LogDerivedDataCache: Unable to find inner node Pak for hierarchical cache Hierarchy.
[2018.07.25-10.32.22:263][  0]LogDerivedDataCache: FDerivedDataBackendGraph:  CompressedPak pak cache file D:/Unreal Projects/SteamMP02/DerivedDataCache/Compressed.ddp not found, will not use a pak cache.
[2018.07.25-10.32.22:263][  0]LogDerivedDataCache: Unable to find inner node CompressedPak for hierarchical cache Hierarchy.
[2018.07.25-10.32.22:275][  0]LogDerivedDataCache: Display: Pak cache opened for reading ../../../Engine/DerivedDataCache/Compressed.ddp.
[2018.07.25-10.32.22:287][  0]LogDerivedDataCache: Using Local data cache path C:/Users/OEM/AppData/Local/UnrealEngine/Common/DerivedDataCache: Writable
[2018.07.25-10.32.22:287][  0]LogDerivedDataCache: Shared data cache path not found in *engine.ini, will not use an Shared cache.
[2018.07.25-10.32.22:287][  0]LogDerivedDataCache: Unable to find inner node Shared for hierarchical cache Hierarchy.
[2018.07.25-10.32.22:295][  0]LogMaterial: Verifying Global Shaders for PCD3D_SM5
[2018.07.25-10.32.22:295][  0]LogSlate: Using Freetype 2.6.0
[2018.07.25-10.32.22:296][  0]LogSlate: SlateFontCache - WITH_FREETYPE: 1, WITH_HARFBUZZ: 1
[2018.07.25-10.32.22:296][  0]LogSlate: SlateFontCache - WITH_FREETYPE: 1, WITH_HARFBUZZ: 1
[2018.07.25-10.32.22:586][  0]LogAssetRegistry: FAssetRegistry took 0.0032 seconds to start up
[2018.07.25-10.32.22:722][  0]LogPackageLocalizationCache: Processed 9 localized package path(s) for 1 prioritized culture(s) in 0.006182 seconds
[2018.07.25-10.32.22:793][  0]LogInit: Selected Device Profile: [Windows]
[2018.07.25-10.32.22:913][  0]LogSimplygon: Simplygon DLL not present - disabling.
[2018.07.25-10.32.22:917][  0]LogMeshReduction: Using SimplygonSwarm for distributed automatic mesh merging
[2018.07.25-10.32.22:917][  0]LogMeshReduction: Using QuadricMeshReduction for automatic static mesh reduction
[2018.07.25-10.32.22:917][  0]LogMeshReduction: No automatic skeletal mesh reduction module available
[2018.07.25-10.32.22:917][  0]LogMeshReduction: No automatic mesh merging module available
[2018.07.25-10.32.22:917][  0]LogMeshMerging: No automatic mesh merging module available
[2018.07.25-10.32.23:009][  0]LogNetVersion: SteamMP02 , NetCL: 3944462, EngineNetVer: 2, GameNetVer: 0 (Checksum: 1513205818)
[2018.07.25-10.32.23:568][  0]LogMoviePlayer: Initializing movie player
[2018.07.25-10.32.23:972][  0]LogTcpMessaging: Initializing TcpMessaging bridge
[2018.07.25-10.32.24:003][  0]LogUdpMessaging: Initializing bridge on interface 0.0.0.0:0 to multicast group 230.0.0.1:6666.
[2018.07.25-10.32.24:251][  0]SourceControl: Source control is disabled
[2018.07.25-10.32.24:251][  0]SourceControl: Source control is disabled
[2018.07.25-10.32.24:271][  0]SourceControl: Source control is disabled
[2018.07.25-10.32.24:653][  0]LogAndroidPermission: UAndroidPermissionCallbackProxy::GetInstance
[2018.07.25-10.32.24:856][  0]LogOcInput: OculusInput pre-init called
[2018.07.25-10.32.24:900][  0]LogUObjectArray: 40131 objects as part of root set at end of initial load.
[2018.07.25-10.32.24:900][  0]LogUObjectAllocator: 8578472 out of 0 bytes used by permanent object pool.
[2018.07.25-10.32.24:900][  0]LogUObjectArray: CloseDisregardForGC: 0/0 objects in disregard for GC pool
[2018.07.25-10.32.24:945][  0]LogEngine: Initializing Engine...
[2018.07.25-10.32.24:949][  0]LogHMD: Failed to initialize OpenVR with code 110
[2018.07.25-10.32.24:960][  0]LogStats: UGameplayTagsManager::ConstructGameplayTagTree: Construct from data asset -  0.000 s
[2018.07.25-10.32.24:960][  0]LogStats: UGameplayTagsManager::ConstructGameplayTagTree: GameplayTagTreeChangedEvent.Broadcast -  0.000 s
[2018.07.25-10.32.25:118][  0]LogInit: XAudio2 using 'Speakers (Realtek High Definition Audio)' : 2 channels at 48 kHz using 32 bits per sample (channel mask 0x3)
[2018.07.25-10.32.25:136][  0]LogInit: FAudioDevice initialized.
[2018.07.25-10.32.25:158][  0]LogInit: Texture streaming: Enabled
[2018.07.25-10.32.25:261][  0]LogUObjectGlobals: Created PersistentFrame Addr=0x00000185d599b580, Size=392, Default__MainGI_C Function /Game/ThirdPersonBP/Blueprints/MainGI.MainGI_C:ExecuteUbergraph_MainGI
[2018.07.25-10.32.25:262][  0]LogUObjectGlobals: Created PersistentFrame Addr=0x00000185d5987800, Size=32, Default__HostGames_C Function /Game/UI/HostGames.HostGames_C:ExecuteUbergraph_HostGames
[2018.07.25-10.32.25:265][  0]LogUObjectGlobals: Created PersistentFrame Addr=0x00000185d5950400, Size=384, Default__SearchGames_C Function /Game/UI/SearchGames.SearchGames_C:ExecuteUbergraph_SearchGames
[2018.07.25-10.32.25:266][  0]LogUObjectGlobals: Created PersistentFrame Addr=0x00000185d59876c0, Size=32, Default__Games_C Function /Game/UI/Games.Games_C:ExecuteUbergraph_Games
[2018.07.25-10.32.25:283][  0]LogUObjectGlobals: Destroyed PersistentFrame Addr=0x00000185d599b580, Size=392
[2018.07.25-10.32.25:283][  0]LogUObjectGlobals: Created PersistentFrame Addr=0x00000185e9ae7040, Size=392, Default__MainGI_C Function /Engine/Transient.REINST_MainGI_C_2:ExecuteUbergraph_MainGI
[2018.07.25-10.32.25:284][  0]LogUObjectGlobals: Destroyed PersistentFrame Addr=0x00000185d59876c0, Size=32
[2018.07.25-10.32.25:284][  0]LogUObjectGlobals: Created PersistentFrame Addr=0x00000185e9a5b620, Size=32, Default__Games_C Function /Engine/Transient.REINST_Games_C_0:ExecuteUbergraph_Games
[2018.07.25-10.32.25:284][  0]LogUObjectGlobals: Destroyed PersistentFrame Addr=0x00000185d5987800, Size=32
[2018.07.25-10.32.25:284][  0]LogUObjectGlobals: Created PersistentFrame Addr=0x00000185e9a5b5e0, Size=32, Default__HostGames_C Function /Engine/Transient.REINST_HostGames_C_1:ExecuteUbergraph_HostGames
[2018.07.25-10.32.25:284][  0]LogUObjectGlobals: Destroyed PersistentFrame Addr=0x00000185d5950400, Size=384
[2018.07.25-10.32.25:284][  0]LogUObjectGlobals: Created PersistentFrame Addr=0x00000185e9a3f580, Size=384, Default__SearchGames_C Function /Engine/Transient.REINST_SearchGames_C_2:ExecuteUbergraph_SearchGames
[2018.07.25-10.32.25:290][  0]LogUObjectGlobals: Created PersistentFrame Addr=0x00000185e9ae49c0, Size=400, Default__MainGI_C Function /Game/ThirdPersonBP/Blueprints/MainGI.MainGI_C:ExecuteUbergraph_MainGI
[2018.07.25-10.32.25:291][  0]LogUObjectGlobals: Created PersistentFrame Addr=0x00000185e97adb60, Size=32, Default__Games_C Function /Game/UI/Games.Games_C:ExecuteUbergraph_Games
[2018.07.25-10.32.25:291][  0]LogUObjectGlobals: Created PersistentFrame Addr=0x00000185e97ad840, Size=32, Default__HostGames_C Function /Game/UI/HostGames.HostGames_C:ExecuteUbergraph_HostGames
[2018.07.25-10.32.25:292][  0]LogUObjectGlobals: Created PersistentFrame Addr=0x00000185e9794400, Size=384, Default__SearchGames_C Function /Game/UI/SearchGames.SearchGames_C:ExecuteUbergraph_SearchGames
[2018.07.25-10.32.25:300][  0]LogInit: Display: Game Engine Initialized.
[2018.07.25-10.32.25:300][  0]LogGameplayTags: Display: UGameplayTagsManager::DoneAddingNativeTags. DelegateIsBound: 0
[2018.07.25-10.32.25:300][  0]LogStats: UGameplayTagsManager::ConstructGameplayTagTree: Construct from data asset -  0.000 s
[2018.07.25-10.32.25:300][  0]LogStats: UGameplayTagsManager::ConstructGameplayTagTree: GameplayTagTreeChangedEvent.Broadcast -  0.000 s
[2018.07.25-10.32.25:407][  0]LogInit: Display: Starting Game.
[2018.07.25-10.32.25:407][  0]LogNet: Browse: /Game/ThirdPersonBP/Maps/MainMenu?Name=Player
[2018.07.25-10.32.25:407][  0]LogLoad: LoadMap: /Game/ThirdPersonBP/Maps/MainMenu?Name=Player
[2018.07.25-10.32.25:416][  0]LogUObjectGlobals: Destroyed PersistentFrame Addr=0x00000185e9ae7040, Size=392
[2018.07.25-10.32.25:416][  0]LogUObjectGlobals: Destroyed PersistentFrame Addr=0x00000185e9a5b5e0, Size=32
[2018.07.25-10.32.25:416][  0]LogUObjectGlobals: Destroyed PersistentFrame Addr=0x00000185e9a3f580, Size=384
[2018.07.25-10.32.25:416][  0]LogUObjectGlobals: Destroyed PersistentFrame Addr=0x00000185e9a5b620, Size=32
[2018.07.25-10.32.25:419][  0]LogUObjectGlobals: Created PersistentFrame Addr=0x00000185e96edb70, Size=24, Default__MainMenuGM_C Function /Game/Blueprints/MainMenuGM.MainMenuGM_C:ExecuteUbergraph_MainMenuGM
[2018.07.25-10.32.25:420][  0]LogUObjectGlobals: Created PersistentFrame Addr=0x00000185e9afe320, Size=32, Default__MainMenu_C Function /Game/UI/MainMenu.MainMenu_C:ExecuteUbergraph_MainMenu
[2018.07.25-10.32.25:422][  0]LogUObjectGlobals: Destroyed PersistentFrame Addr=0x00000185e9afe320, Size=32
[2018.07.25-10.32.25:422][  0]LogUObjectGlobals: Created PersistentFrame Addr=0x00000185e9afe320, Size=32, Default__MainMenu_C Function /Engine/Transient.REINST_MainMenu_C_3:ExecuteUbergraph_MainMenu
[2018.07.25-10.32.25:422][  0]LogUObjectGlobals: Destroyed PersistentFrame Addr=0x00000185e96edb70, Size=24
[2018.07.25-10.32.25:422][  0]LogUObjectGlobals: Created PersistentFrame Addr=0x00000185e96edb70, Size=24, Default__MainMenuGM_C Function /Engine/Transient.REINST_MainMenuGM_C_8:ExecuteUbergraph_MainMenuGM
[2018.07.25-10.32.25:424][  0]LogUObjectGlobals: Created PersistentFrame Addr=0x00000185e9afd020, Size=32, Default__MainMenu_C Function /Game/UI/MainMenu.MainMenu_C:ExecuteUbergraph_MainMenu
[2018.07.25-10.32.25:424][  0]LogUObjectGlobals: Created PersistentFrame Addr=0x00000185e96ed2d0, Size=24, Default__MainMenuGM_C Function /Game/Blueprints/MainMenuGM.MainMenuGM_C:ExecuteUbergraph_MainMenuGM
[2018.07.25-10.32.25:436][  0]LogAIModule: Creating AISystem for world MainMenu
[2018.07.25-10.32.25:437][  0]LogLoad: Game class is 'MainMenuGM_C'
[2018.07.25-10.32.25:438][  0]LogWorld: Bringing World /Game/ThirdPersonBP/Maps/MainMenu.MainMenu up for play (max tick rate 0) at 2018.07.25-22.32.25
[2018.07.25-10.32.25:438][  0]LogWorld: Bringing up level for play took: 0.000334
[2018.07.25-10.32.25:439][  0]LogGameMode: FindPlayerStart: PATHS NOT DEFINED or NO PLAYERSTART with positive rating
[2018.07.25-10.32.25:440][  0]LogLoad: Took 0.033232 seconds to LoadMap(/Game/ThirdPersonBP/Maps/MainMenu)
[2018.07.25-10.32.25:726][  0]LogRenderer: Reallocating scene render targets to support 1280x720 Format 10 NumSamples 1 (Frame:1).
[2018.07.25-10.32.25:726][  0]LogLoad: (Engine Initialization) Total time: 8.79 seconds
[2018.07.25-10.32.25:727][  0]LogLoad: (Engine Initialization) Total Blueprint compile time: 0.00 seconds
[2018.07.25-10.32.25:743][  0]LogWindowsTextInputMethodSystem: Display: IME system now deactivated.
[2018.07.25-10.32.25:746][  0]LogContentStreaming: Texture pool size now 1000 MB
[2018.07.25-10.32.28:026][140]LogSlate: FSceneViewport::OnFocusLost() reason 0
[2018.07.25-10.32.28:124][146]LogSlate: Took 0.000238 seconds to synchronously load lazily loaded font '../../../Engine/Content/Slate/Fonts/Roboto-Regular.ttf' (155K)
[2018.07.25-10.32.31:912][381]LogNetVersion: SteamMP02 1.0.0.0, NetCL: 3944462, EngineNetVer: 2, GameNetVer: 0 (Checksum: 1247949691)
[2018.07.25-10.32.32:338][408]LogOnline: Verbose: dumping NamedSession: 
[2018.07.25-10.32.32:338][408]LogOnline: Verbose: 	SessionName: GameSession
[2018.07.25-10.32.32:338][408]LogOnline: Verbose: 	HostingPlayerNum: 0
[2018.07.25-10.32.32:338][408]LogOnline: Verbose: 	SessionState: Pending
[2018.07.25-10.32.32:338][408]LogOnline: Verbose: 	RegisteredPlayers: 
[2018.07.25-10.32.32:338][408]LogOnline: Verbose: 	    0 registered players
[2018.07.25-10.32.32:338][408]LogOnline: Verbose: dumping Session: 
[2018.07.25-10.32.32:338][408]LogOnline: Verbose: 	OwningPlayerName: ranjurave
[2018.07.25-10.32.32:338][408]LogOnline: Verbose: 	OwningPlayerId: ranjurave [0x110000134F8A348]
[2018.07.25-10.32.32:339][408]LogOnline: Verbose: 	NumOpenPrivateConnections: 0
[2018.07.25-10.32.32:339][408]LogOnline: Verbose: 	NumOpenPublicConnections: 19
[2018.07.25-10.32.32:339][408]LogOnline: Verbose: 	SessionInfo: HostIP: INVALID SteamP2P: 76561198848975688:7777 Type: Lobby session SessionId: Lobby [0x1860000F727561D]
[2018.07.25-10.32.32:339][408]LogOnline: Verbose: dumping SessionSettings: 
[2018.07.25-10.32.32:339][408]LogOnline: Verbose: 	NumPublicConnections: 20
[2018.07.25-10.32.32:339][408]LogOnline: Verbose: 	NumPrivateConnections: 0
[2018.07.25-10.32.32:339][408]LogOnline: Verbose: 	bIsLanMatch: false
[2018.07.25-10.32.32:339][408]LogOnline: Verbose: 	bIsDedicated: false
[2018.07.25-10.32.32:339][408]LogOnline: Verbose: 	bUsesStats: false
[2018.07.25-10.32.32:339][408]LogOnline: Verbose: 	bShouldAdvertise: true
[2018.07.25-10.32.32:339][408]LogOnline: Verbose: 	bAllowJoinInProgress: true
[2018.07.25-10.32.32:339][408]LogOnline: Verbose: 	bAllowInvites: false
[2018.07.25-10.32.32:339][408]LogOnline: Verbose: 	bUsesPresence: true
[2018.07.25-10.32.32:339][408]LogOnline: Verbose: 	bAllowJoinViaPresence: true
[2018.07.25-10.32.32:339][408]LogOnline: Verbose: 	bAllowJoinViaPresenceFriendsOnly: false
[2018.07.25-10.32.32:339][408]LogOnline: Verbose: 	BuildUniqueId: 0x2d02b58f
[2018.07.25-10.32.32:339][408]LogOnline: Verbose: 	Settings:
[2018.07.25-10.32.32:446][408]LogPackageName: SearchForPackageOnDisk took   0.106s to resolve ThirdPersonExampleMap.umap.
[2018.07.25-10.32.32:533][408]LogPackageName: SearchForPackageOnDisk took   0.087s to resolve ThirdPersonExampleMap.umap.
[2018.07.25-10.32.32:533][408]LogNet: Browse: /Game/ThirdPersonBP/Maps/ThirdPersonExampleMap?listen
[2018.07.25-10.32.32:534][408]LogLoad: LoadMap: /Game/ThirdPersonBP/Maps/ThirdPersonExampleMap?listen
[2018.07.25-10.32.32:542][408]LogUObjectGlobals: Destroyed PersistentFrame Addr=0x00000185e96ed2d0, Size=24
[2018.07.25-10.32.32:542][408]LogUObjectGlobals: Destroyed PersistentFrame Addr=0x00000185e9afd020, Size=32
[2018.07.25-10.32.32:542][408]LogUObjectGlobals: Destroyed PersistentFrame Addr=0x00000185e9afe320, Size=32
[2018.07.25-10.32.32:542][408]LogUObjectGlobals: Destroyed PersistentFrame Addr=0x00000185e96edb70, Size=24
[2018.07.25-10.32.32:549][408]LogUObjectGlobals: Created PersistentFrame Addr=0x00000185e9b182c0, Size=296, Default__ThirdPersonCharacter_C Function /Game/ThirdPersonBP/Blueprints/ThirdPersonCharacter.ThirdPersonCharacter_C:ExecuteUbergraph_ThirdPersonCharacter
[2018.07.25-10.32.32:553][408]LogUObjectGlobals: Created PersistentFrame Addr=0x00000185e971ee80, Size=64, Default__ThirdPerson_AnimBP_C Function /Game/Mannequin/Animations/ThirdPerson_AnimBP.ThirdPerson_AnimBP_C:ExecuteUbergraph_ThirdPerson_AnimBP
[2018.07.25-10.32.32:610][408]LogUObjectGlobals: Destroyed PersistentFrame Addr=0x00000185e971ee80, Size=64
[2018.07.25-10.32.32:610][408]LogUObjectGlobals: Created PersistentFrame Addr=0x00000185fe0f3ac0, Size=64, Default__ThirdPerson_AnimBP_C Function /Engine/Transient.REINST_ThirdPerson_AnimBP_C_0:ExecuteUbergraph_ThirdPerson_AnimBP
[2018.07.25-10.32.32:610][408]LogUObjectGlobals: Destroyed PersistentFrame Addr=0x00000185e9b182c0, Size=296
[2018.07.25-10.32.32:610][408]LogUObjectGlobals: Created PersistentFrame Addr=0x00000185e977da80, Size=296, Default__ThirdPersonCharacter_C Function /Engine/Transient.REINST_ThirdPersonCharacter_C_12:ExecuteUbergraph_ThirdPersonCharacter
[2018.07.25-10.32.32:628][408]LogUObjectGlobals: Created PersistentFrame Addr=0x00000185f1c8dc60, Size=72, Default__ThirdPerson_AnimBP_C Function /Game/Mannequin/Animations/ThirdPerson_AnimBP.ThirdPerson_AnimBP_C:ExecuteUbergraph_ThirdPerson_AnimBP
[2018.07.25-10.32.32:628][408]LogUObjectGlobals: Created PersistentFrame Addr=0x00000185f1cdb100, Size=296, Default__ThirdPersonCharacter_C Function /Game/ThirdPersonBP/Blueprints/ThirdPersonCharacter.ThirdPersonCharacter_C:ExecuteUbergraph_ThirdPersonCharacter
[2018.07.25-10.32.32:719][408]LogSkeletalMesh: Skeletal Mesh found in DDC [10.019277ms] /Game/Mannequin/Character/Mesh/SK_Mannequin.SK_Mannequin
[2018.07.25-10.32.32:740][408]LogAIModule: Creating AISystem for world ThirdPersonExampleMap
[2018.07.25-10.32.32:742][408]LogLoad: Game class is 'ThirdPersonGameMode_C'
[2018.07.25-10.32.32:742][408]LogTemp: Display: ParseSettings for GameNetDriver
[2018.07.25-10.32.32:742][408]LogTemp: Display: ParseSettings for SteamNetDriver_0
[2018.07.25-10.32.32:742][408]LogTemp: Display: ParseSettings for GameNetDriver
[2018.07.25-10.32.32:742][408]LogNet: Display: SteamNetDriver_0 bound to port 7777
[2018.07.25-10.32.32:742][408]PacketHandlerLog: Loaded PacketHandler component: Engine.EngineHandlerComponentFactory (StatelessConnectHandlerComponent)
[2018.07.25-10.32.32:742][408]LogNet: GameNetDriver SteamNetDriver_0 IpNetDriver listening on port 7777
[2018.07.25-10.32.32:745][408]LogWorld: Bringing World /Game/ThirdPersonBP/Maps/ThirdPersonExampleMap.ThirdPersonExampleMap up for play (max tick rate 0) at 2018.07.25-22.32.32
[2018.07.25-10.32.32:745][408]LogWorld: Bringing up level for play took: 0.002226
[2018.07.25-10.32.32:746][408]LogLoad: Took 0.212670 seconds to LoadMap(/Game/ThirdPersonBP/Maps/ThirdPersonExampleMap)
[2018.07.25-10.32.37:052][671]LogSlate: Window 'SteamMP02 (64-bit, PCD3D_SM5) ' being destroyed
[2018.07.25-10.32.37:054][671]LogWindowsTextInputMethodSystem: Display: IME system now deactivated.
[2018.07.25-10.32.37:063][671]LogWindowsTextInputMethodSystem: Display: IME system now deactivated.
[2018.07.25-10.32.37:064][671]LogEngine: All Windows Closed
[2018.07.25-10.32.37:064][671]LogWindows: FPlatformMisc::RequestExit(0)
[2018.07.25-10.32.37:071][672]LogNet: World NetDriver shutdown SteamNetDriver_0 [GameNetDriver]
[2018.07.25-10.32.37:071][672]LogNet: DestroyNamedNetDriver SteamNetDriver_0 [GameNetDriver]
[2018.07.25-10.32.37:071][672]LogExit: GameNetDriver SteamNetDriver_0 shut down
[2018.07.25-10.32.37:959][672]LogSlate: Slate User Destroyed.  User Index 0, Is Virtual User: 0
[2018.07.25-10.32.37:959][672]LogExit: Preparing to exit.
[2018.07.25-10.32.37:959][672]LogMoviePlayer: Shutting down movie player
[2018.07.25-10.32.39:041][672]LogExit: Game engine shut down
[2018.07.25-10.32.39:042][672]LogUObjectGlobals: Destroyed PersistentFrame Addr=0x00000185fe0f3ac0, Size=64
[2018.07.25-10.32.39:042][672]LogUObjectGlobals: Destroyed PersistentFrame Addr=0x00000185e977da80, Size=296
[2018.07.25-10.32.39:042][672]LogUObjectGlobals: Destroyed PersistentFrame Addr=0x00000185e9ae49c0, Size=400
[2018.07.25-10.32.39:042][672]LogUObjectGlobals: Destroyed PersistentFrame Addr=0x00000185e97adb60, Size=32
[2018.07.25-10.32.39:042][672]LogUObjectGlobals: Destroyed PersistentFrame Addr=0x00000185e97ad840, Size=32
[2018.07.25-10.32.39:042][672]LogUObjectGlobals: Destroyed PersistentFrame Addr=0x00000185e9794400, Size=384
[2018.07.25-10.32.39:043][672]LogUObjectGlobals: Destroyed PersistentFrame Addr=0x00000185f1c8dc60, Size=72
[2018.07.25-10.32.39:043][672]LogUObjectGlobals: Destroyed PersistentFrame Addr=0x00000185f1cdb100, Size=296
[2018.07.25-10.32.39:076][672]LogExit: Object subsystem successfully closed.
[2018.07.25-10.32.39:085][672]LogShaderCompilers: Display: Shaders left to compile 0
[2018.07.25-10.32.39:087][672]LogD3D11RHI: Shutdown
[2018.07.25-10.32.39:087][672]LogD3D11RHI: CleanupD3DDevice
[2018.07.25-10.32.39:088][672]LogD3D11RHI: ~FD3D11DynamicRHI
[2018.07.25-10.32.39:104][672]LogModuleManager: Shutting down and abandoning module SequenceRecorderSections (334)
[2018.07.25-10.32.39:104][672]LogModuleManager: Shutting down and abandoning module SequenceRecorder (332)
[2018.07.25-10.32.39:104][672]LogModuleManager: Shutting down and abandoning module AutomationController (330)
[2018.07.25-10.32.39:104][672]LogModuleManager: Shutting down and abandoning module AutomationWorker (328)
[2018.07.25-10.32.39:104][672]LogModuleManager: Shutting down and abandoning module AIModule (326)
[2018.07.25-10.32.39:104][672]LogModuleManager: Shutting down and abandoning module GameplayDebugger (325)
[2018.07.25-10.32.39:104][672]LogModuleManager: Shutting down and abandoning module AITestSuite (323)
[2018.07.25-10.32.39:104][672]LogModuleManager: Shutting down and abandoning module WmfMediaFactory (320)
[2018.07.25-10.32.39:104][672]LogModuleManager: Shutting down and abandoning module OpenExrWrapper (318)
[2018.07.25-10.32.39:104][672]LogModuleManager: Shutting down and abandoning module ImgMediaFactory (316)
[2018.07.25-10.32.39:104][672]LogModuleManager: Shutting down and abandoning module AvfMediaFactory (314)
[2018.07.25-10.32.39:104][672]LogModuleManager: Shutting down and abandoning module CharacterAI (312)
[2018.07.25-10.32.39:104][672]LogModuleManager: Shutting down and abandoning module SessionServices (310)
[2018.07.25-10.32.39:104][672]LogModuleManager: Shutting down and abandoning module MovieSceneCapture (308)
[2018.07.25-10.32.39:104][672]LogModuleManager: Shutting down and abandoning module MovieSceneTracks (306)
[2018.07.25-10.32.39:104][672]LogModuleManager: Shutting down and abandoning module MovieScene (304)
[2018.07.25-10.32.39:104][672]LogModuleManager: Shutting down and abandoning module GeometryCache (302)
[2018.07.25-10.32.39:104][672]LogModuleManager: Shutting down and abandoning module GeometryCacheEd (301)
[2018.07.25-10.32.39:104][672]LogModuleManager: Shutting down and abandoning module StreamingPauseRendering (298)
[2018.07.25-10.32.39:104][672]LogModuleManager: Shutting down and abandoning module PortalServices (296)
[2018.07.25-10.32.39:104][672]LogModuleManager: Shutting down and abandoning module PortalRpc (294)
[2018.07.25-10.32.39:104][672]LogModuleManager: Shutting down and abandoning module MessagingRpc (292)
[2018.07.25-10.32.39:104][672]LogModuleManager: Shutting down and abandoning module ProfilerService (290)
[2018.07.25-10.32.39:187][672]LogModuleManager: Shutting down and abandoning module TaskGraph (288)
[2018.07.25-10.32.39:187][672]LogModuleManager: Shutting down and abandoning module SteamVRController (286)
[2018.07.25-10.32.39:187][672]LogModuleManager: Shutting down and abandoning module ProceduralMeshComponent (284)
[2018.07.25-10.32.39:187][672]LogModuleManager: Shutting down and abandoning module OculusInput (282)
[2018.07.25-10.32.39:187][672]LogModuleManager: Shutting down and abandoning module MobilePatchingUtils (280)
[2018.07.25-10.32.39:188][672]LogModuleManager: Shutting down and abandoning module CustomMeshComponent (278)
[2018.07.25-10.32.39:188][672]LogModuleManager: Shutting down and abandoning module CableComponent (276)
[2018.07.25-10.32.39:188][672]LogModuleManager: Shutting down and abandoning module AudioCapture (274)
[2018.07.25-10.32.39:188][672]LogModuleManager: Shutting down and abandoning module ArchVisCharacter (272)
[2018.07.25-10.32.39:188][672]LogModuleManager: Shutting down and abandoning module AndroidPermission (270)
[2018.07.25-10.32.39:188][672]LogModuleManager: Shutting down and abandoning module NUTUnrealEngine4 (266)
[2018.07.25-10.32.39:188][672]LogModuleManager: Shutting down and abandoning module NetcodeUnitTest (264)
[2018.07.25-10.32.39:188][672]LogModuleManager: Shutting down and abandoning module MediaCompositing (262)
[2018.07.25-10.32.39:188][672]LogModuleManager: Shutting down and abandoning module LinearTimecode (260)
[2018.07.25-10.32.39:188][672]LogModuleManager: Shutting down and abandoning module ImgMedia (258)
[2018.07.25-10.32.39:192][672]LogModuleManager: Shutting down and abandoning module HTML5Networking (256)
[2018.07.25-10.32.39:192][672]LogModuleManager: Shutting down and abandoning module DatasmithContent (254)
[2018.07.25-10.32.39:192][672]LogModuleManager: Shutting down and abandoning module CryptoKeysOpenSSL (252)
[2018.07.25-10.32.39:192][672]LogModuleManager: Shutting down and abandoning module CryptoKeys (250)
[2018.07.25-10.32.39:192][672]LogModuleManager: Shutting down and abandoning module VisualStudioSourceCodeAccess (248)
[2018.07.25-10.32.39:192][672]LogModuleManager: Shutting down and abandoning module HotReload (247)
[2018.07.25-10.32.39:193][672]LogModuleManager: Shutting down and abandoning module DirectoryWatcher (246)
[2018.07.25-10.32.39:193][672]LogModuleManager: Shutting down and abandoning module VisualStudioCodeSourceCodeAccess (242)
[2018.07.25-10.32.39:193][672]LogModuleManager: Shutting down and abandoning module UObjectPlugin (240)
[2018.07.25-10.32.39:193][672]LogModuleManager: Shutting down and abandoning module SubversionSourceControl (238)
[2018.07.25-10.32.39:193][672]LogModuleManager: Shutting down and abandoning module PerforceSourceControl (236)
[2018.07.25-10.32.39:193][672]LogModuleManager: Shutting down and abandoning module SourceControl (235)
[2018.07.25-10.32.39:193][672]LogModuleManager: Shutting down and abandoning module CLionSourceCodeAccess (232)
[2018.07.25-10.32.39:193][672]LogModuleManager: Shutting down and abandoning module RuntimePhysXCooking (230)
[2018.07.25-10.32.39:193][672]LogModuleManager: Shutting down and abandoning module PhysXVehiclesEditor (228)
[2018.07.25-10.32.39:193][672]LogModuleManager: Shutting down and abandoning module PhysXVehicles (226)
[2018.07.25-10.32.39:193][672]LogModuleManager: Shutting down and abandoning module LocationServicesBPLibrary (224)
[2018.07.25-10.32.39:193][672]LogModuleManager: Shutting down and abandoning module ImmediatePhysicsEditor (222)
[2018.07.25-10.32.39:193][672]LogModuleManager: Shutting down and abandoning module ImmediatePhysics (220)
[2018.07.25-10.32.39:193][672]LogModuleManager: Shutting down and abandoning module ActorSequence (218)
[2018.07.25-10.32.39:193][672]LogModuleManager: Shutting down and abandoning module UdpMessaging (216)
[2018.07.25-10.32.39:295][672]LogModuleManager: Shutting down and abandoning module TcpMessaging (214)
[2018.07.25-10.32.39:981][672]LogModuleManager: Shutting down and abandoning module GameplayTagsEditor (212)
[2018.07.25-10.32.39:981][672]LogModuleManager: Shutting down and abandoning module FacialAnimation (210)
[2018.07.25-10.32.39:981][672]LogModuleManager: Shutting down and abandoning module DataValidation (208)
[2018.07.25-10.32.39:981][672]LogModuleManager: Shutting down and abandoning module AssetManagerEditor (206)
[2018.07.25-10.32.39:981][672]LogModuleManager: Shutting down and abandoning module TreeMap (205)
[2018.07.25-10.32.39:981][672]LogModuleManager: Shutting down and abandoning module LightPropagationVolumeRuntime (202)
[2018.07.25-10.32.39:981][672]LogModuleManager: Shutting down and abandoning module LiveLink (200)
[2018.07.25-10.32.40:847][672]LogModuleManager: Shutting down and abandoning module Paper2D (198)
[2018.07.25-10.32.40:847][672]LogModuleManager: Shutting down and abandoning module PIEPreviewDeviceProfileSelector (196)
[2018.07.25-10.32.40:847][672]LogModuleManager: Shutting down and abandoning module WindowsMoviePlayer (194)
[2018.07.25-10.32.40:847][672]LogModuleManager: Shutting down and abandoning module WmfMedia (192)
[2018.07.25-10.32.40:848][672]LogModuleManager: Shutting down and abandoning module Media (191)
[2018.07.25-10.32.40:854][672]LogModuleManager: Shutting down and abandoning module PacketHandler (188)
[2018.07.25-10.32.40:854][672]LogModuleManager: Shutting down and abandoning module ClothingSystemEditor (186)
[2018.07.25-10.32.40:854][672]LogModuleManager: Shutting down and abandoning module ClothingSystemRuntime (184)
[2018.07.25-10.32.40:854][672]LogModuleManager: Shutting down and abandoning module MediaAssets (182)
[2018.07.25-10.32.40:854][672]LogModuleManager: Shutting down and abandoning module Overlay (180)
[2018.07.25-10.32.40:854][672]LogModuleManager: Shutting down and abandoning module OverlayEditor (179)
[2018.07.25-10.32.40:854][672]LogModuleManager: Shutting down and abandoning module VREditor (176)
[2018.07.25-10.32.40:854][672]LogModuleManager: Shutting down and abandoning module StringTableEditor (174)
[2018.07.25-10.32.40:854][672]LogModuleManager: Shutting down and abandoning module GameplayTasksEditor (172)
[2018.07.25-10.32.40:854][672]LogModuleManager: Shutting down and abandoning module BehaviorTreeEditor (170)
[2018.07.25-10.32.40:854][672]LogModuleManager: Shutting down and abandoning module FunctionalTesting (168)
[2018.07.25-10.32.40:854][672]LogModuleManager: Shutting down and abandoning module CollisionAnalyzer (166)
[2018.07.25-10.32.40:854][672]LogModuleManager: Shutting down and abandoning module WorkspaceMenuStructure (165)
[2018.07.25-10.32.40:854][672]LogModuleManager: Shutting down and abandoning module UMG (162)
[2018.07.25-10.32.40:854][672]LogModuleManager: Shutting down and abandoning module UMGEditor (161)
[2018.07.25-10.32.40:854][672]LogModuleManager: Shutting down and abandoning module Sequencer (160)
[2018.07.25-10.32.40:854][672]LogModuleManager: Shutting down and abandoning module MessageLog (157)
[2018.07.25-10.32.40:854][672]LogModuleManager: Shutting down and abandoning module SlateReflector (152)
[2018.07.25-10.32.40:854][672]LogModuleManager: Shutting down and abandoning module Slate (150)
[2018.07.25-10.32.40:854][672]LogModuleManager: Shutting down and abandoning module EditorStyle (148)
[2018.07.25-10.32.40:855][672]LogModuleManager: Shutting down and abandoning module MRMesh (146)
[2018.07.25-10.32.40:855][672]LogModuleManager: Shutting down and abandoning module Messaging (144)
[2018.07.25-10.32.40:855][672]LogModuleManager: Shutting down and abandoning module SourceCodeAccess (142)
[2018.07.25-10.32.40:855][672]LogModuleManager: Shutting down and abandoning module HeadMountedDisplay (140)
[2018.07.25-10.32.40:855][672]LogModuleManager: Shutting down and abandoning module XAudio2 (138)
[2018.07.25-10.32.40:855][672]LogModuleManager: Shutting down and abandoning module Networking (136)
[2018.07.25-10.32.40:855][672]LogModuleManager: Shutting down and abandoning module Core (134)
[2018.07.25-10.32.40:855][672]LogModuleManager: Shutting down and abandoning module LevelSequence (132)
[2018.07.25-10.32.40:855][672]LogModuleManager: Shutting down and abandoning module KismetCompiler (130)
[2018.07.25-10.32.40:855][672]LogModuleManager: Shutting down and abandoning module MeshUtilities (128)
[2018.07.25-10.32.40:855][672]LogModuleManager: Shutting down and abandoning module MeshMergeUtilities (127)
[2018.07.25-10.32.40:855][672]LogModuleManager: Shutting down and abandoning module MeshReductionInterface (126)
[2018.07.25-10.32.40:855][672]LogModuleManager: Shutting down and abandoning module SimplygonSwarm (125)
[2018.07.25-10.32.40:855][672]LogModuleManager: Shutting down and abandoning module SimplygonMeshReduction (123)
[2018.07.25-10.32.40:855][672]LogModuleManager: Shutting down and abandoning module QuadricMeshReduction (121)
[2018.07.25-10.32.40:855][672]LogModuleManager: Shutting down and abandoning module MaterialBaking (117)
[2018.07.25-10.32.40:855][672]LogModuleManager: Shutting down and abandoning module DerivedDataCache (112)
[2018.07.25-10.32.41:296][672]LogDerivedDataCache: Shutdown
[2018.07.25-10.32.41:296][672]LogModuleManager: Shutting down and abandoning module XGEController (110)
[2018.07.25-10.32.41:296][672]LogModuleManager: Shutting down and abandoning module TargetPlatform (108)
[2018.07.25-10.32.41:296][672]LogModuleManager: Shutting down and abandoning module VulkanShaderFormat (107)
[2018.07.25-10.32.41:296][672]LogModuleManager: Shutting down and abandoning module ShaderFormatVectorVM (105)
[2018.07.25-10.32.41:296][672]LogModuleManager: Shutting down and abandoning module ShaderFormatOpenGL (103)
[2018.07.25-10.32.41:296][672]LogModuleManager: Shutting down and abandoning module ShaderFormatD3D (101)
[2018.07.25-10.32.41:296][672]LogModuleManager: Shutting down and abandoning module MetalShaderFormat (99)
[2018.07.25-10.32.41:296][672]LogModuleManager: Shutting down and abandoning module TextureFormatUncompressed (97)
[2018.07.25-10.32.41:296][672]LogModuleManager: Shutting down and abandoning module TextureFormatPVR (95)
[2018.07.25-10.32.41:296][672]LogModuleManager: Shutting down and abandoning module TextureFormatDXT (93)
[2018.07.25-10.32.41:296][672]LogModuleManager: Shutting down and abandoning module TextureFormatIntelISPCTexComp (91)
[2018.07.25-10.32.41:296][672]LogModuleManager: Shutting down and abandoning module TextureFormatASTC (89)
[2018.07.25-10.32.41:296][672]LogModuleManager: Shutting down and abandoning module ImageWrapper (88)
[2018.07.25-10.32.41:296][672]LogModuleManager: Shutting down and abandoning module TextureFormatAndroid (85)
[2018.07.25-10.32.41:296][672]LogModuleManager: Shutting down and abandoning module AudioFormatOpus (83)
[2018.07.25-10.32.41:296][672]LogModuleManager: Shutting down and abandoning module AudioFormatOgg (81)
[2018.07.25-10.32.41:296][672]LogModuleManager: Shutting down and abandoning module AudioFormatADPCM (79)
[2018.07.25-10.32.41:296][672]LogModuleManager: Shutting down and abandoning module WindowsTargetPlatform (77)
[2018.07.25-10.32.41:296][672]LogModuleManager: Shutting down and abandoning module WindowsServerTargetPlatform (75)
[2018.07.25-10.32.41:296][672]LogModuleManager: Shutting down and abandoning module WindowsNoEditorTargetPlatform (73)
[2018.07.25-10.32.41:296][672]LogModuleManager: Shutting down and abandoning module WindowsClientTargetPlatform (71)
[2018.07.25-10.32.41:296][672]LogModuleManager: Shutting down and abandoning module InputCore (68)
[2018.07.25-10.32.41:296][672]LogModuleManager: Shutting down and abandoning module Settings (66)
[2018.07.25-10.32.41:296][672]LogModuleManager: Shutting down and abandoning module PhysXCooking (64)
[2018.07.25-10.32.41:296][672]LogModuleManager: Shutting down and abandoning module SteamVR (62)
[2018.07.25-10.32.41:296][672]LogModuleManager: Shutting down and abandoning module OculusHMD (60)
[2018.07.25-10.32.41:296][672]LogModuleManager: Shutting down and abandoning module ExampleDeviceProfileSelector (58)
[2018.07.25-10.32.41:296][672]LogModuleManager: Shutting down and abandoning module AppleARKit (56)
[2018.07.25-10.32.41:296][672]LogModuleManager: Shutting down and abandoning module AugmentedReality (55)
[2018.07.25-10.32.41:296][672]LogModuleManager: Shutting down and abandoning module OnlineBlueprintSupport (52)
[2018.07.25-10.32.41:296][672]LogModuleManager: Shutting down and abandoning module OnlineSubsystem (48)
[2018.07.25-10.32.41:296][672]LogOnline: Display: STEAM: OnlineSubsystemSteam::Shutdown()
[2018.07.25-10.32.41:297][672]LogOnline: Display: OSS: FOnlineAsyncTaskManager::Stop() ActiveTask:0000000000000000 Tasks[0/0]
[2018.07.25-10.32.41:322][672]LogOnline: Display: OSS: FOnlineAsyncTaskManager::Exit() started
[2018.07.25-10.32.41:322][672]LogOnline: Display: OSS: FOnlineAsyncTaskManager::Exit() finished
[2018.07.25-10.32.41:322][672]LogOnline: Display: STEAM: OnlineSubsystemSteam::Shutdown()
[2018.07.25-10.32.41:322][672]LogModuleManager: Shutting down and abandoning module XMPP (43)
[2018.07.25-10.32.41:322][672]LogModuleManager: Shutting down and abandoning module HTTP (41)
[2018.07.25-10.32.41:356][672]LogModuleManager: Shutting down and abandoning module SSL (40)
[2018.07.25-10.32.41:357][672]LogModuleManager: Shutting down and abandoning module AnimationModifiers (36)
[2018.07.25-10.32.41:357][672]LogModuleManager: Shutting down and abandoning module PropertyEditor (35)
[2018.07.25-10.32.41:357][672]LogModuleManager: Shutting down and abandoning module AudioEditor (32)
[2018.07.25-10.32.41:357][672]LogModuleManager: Shutting down and abandoning module TextureCompressor (30)
[2018.07.25-10.32.41:357][672]LogModuleManager: Shutting down and abandoning module ShaderCore (28)
[2018.07.25-10.32.41:357][672]LogModuleManager: Shutting down and abandoning module Landscape (26)
[2018.07.25-10.32.41:357][672]LogModuleManager: Shutting down and abandoning module SlateRHIRenderer (24)
[2018.07.25-10.32.41:357][672]LogModuleManager: Shutting down and abandoning module OpenGLDrv (22)
[2018.07.25-10.32.41:357][672]LogModuleManager: Shutting down and abandoning module D3D11RHI (20)
[2018.07.25-10.32.41:357][672]LogModuleManager: Shutting down and abandoning module AnimGraphRuntime (18)
[2018.07.25-10.32.41:357][672]LogModuleManager: Shutting down and abandoning module Renderer (16)
[2018.07.25-10.32.41:357][672]LogModuleManager: Shutting down and abandoning module Engine (14)
[2018.07.25-10.32.41:357][672]LogModuleManager: Shutting down and abandoning module CoreUObject (12)
[2018.07.25-10.32.41:357][672]LogModuleManager: Shutting down and abandoning module NetworkFile (10)
[2018.07.25-10.32.41:357][672]LogModuleManager: Shutting down and abandoning module CookedIterativeFile (8)
[2018.07.25-10.32.41:357][672]LogModuleManager: Shutting down and abandoning module StreamingFile (6)
[2018.07.25-10.32.41:358][672]LogModuleManager: Shutting down and abandoning module SandboxFile (4)
[2018.07.25-10.32.41:358][672]LogModuleManager: Shutting down and abandoning module PakFile (2)
[2018.07.25-10.32.41:362][672]LogExit: Exiting.
[2018.07.25-10.32.41:363][672]Log file closed, 07/25/18 22:32:41
